Unity Editor version:    2020.3.30f1 (1fb1bf06830e)
Branch:                  2020.3/staging
Build type:              Release
Batch mode:              YES
macOS version:           Version 12.1 (Build 21C52)
Darwin version:          21.2.0
Architecture:            x86_64
Running under Rosetta:   NO
Available memory:        8192 MB
Using pre-set license
Pro License: NO

COMMAND LINE ARGUMENTS:
/Applications/Unity/Unity.app/Contents/MacOS/Unity
-adb2
-batchMode
-noUpm
-name
AssetImportWorker0
-projectPath
/Users/andydiego13/Bam-Banimals-Adventure/Bam Banimals Adventure
-logFile
Logs/AssetImportWorker0.log
-srvPort
51682
Successfully changed project path to: /Users/andydiego13/Bam-Banimals-Adventure/Bam Banimals Adventure
/Users/andydiego13/Bam-Banimals-Adventure/Bam Banimals Adventure
Using Asset Import Pipeline V2.
Refreshing native plugins compatible for Editor in 95.75 ms, found 3 plugins.
Preloading 0 native plugins for Editor in 0.00 ms.
Initialize engine version: 2020.3.30f1 (1fb1bf06830e)
[Subsystems] Discovering subsystems at path /Applications/Unity/Unity.app/Contents/Resources/UnitySubsystems
[Subsystems] Discovering subsystems at path /Users/andydiego13/Bam-Banimals-Adventure/Bam Banimals Adventure/Assets
GfxDevice: creating device client; threaded=0
2022-05-04 11:40:29.947 Unity[2673:116684] Color LCD preferred device: Intel(R) Iris(TM) Graphics 6000 (low power)
2022-05-04 11:40:29.947 Unity[2673:116684] Metal devices available: 1
2022-05-04 11:40:29.947 Unity[2673:116684] 0: Intel(R) Iris(TM) Graphics 6000 (low power)
2022-05-04 11:40:29.947 Unity[2673:116684] Using device Intel(R) Iris(TM) Graphics 6000 (low power)
Initializing Metal device caps: Intel(R) Iris(TM) Graphics 6000
Initialize mono
Mono path[0] = '/Applications/Unity/Unity.app/Contents/Managed'
Mono path[1] = '/Applications/Unity/Unity.app/Contents/MonoBleedingEdge/lib/mono/unityjit'
Mono config path = '/Applications/Unity/Unity.app/Contents/MonoBleedingEdge/etc'
Using monoOptions --debugger-agent=transport=dt_socket,embedding=1,server=y,suspend=n,address=127.0.0.1:56673
Begin MonoManager ReloadAssembly
Registering precompiled unity dll's ...
Register platform support module: /Applications/Unity/PlaybackEngines/WebGLSupport/UnityEditor.WebGL.Extensions.dll
Register platform support module: /Applications/Unity/Unity.app/Contents/PlaybackEngines/MacStandaloneSupport/UnityEditor.OSXStandalone.Extensions.dll
Registered in 0.000879 seconds.
Native extension for OSXStandalone target not found
Native extension for WebGL target not found
Refreshing native plugins compatible for Editor in 70.88 ms, found 3 plugins.
Preloading 0 native plugins for Editor in 0.00 ms.
Mono: successfully reloaded assembly
- Completed reload, in  1.445 seconds
Domain Reload Profiling:
	ReloadAssembly (1446ms)
		BeginReloadAssembly (207ms)
			ExecutionOrderSort (0ms)
			DisableScriptedObjects (0ms)
			BackupInstance (0ms)
			ReleaseScriptingObjects (0ms)
			CreateAndSetChildDomain (1ms)
		EndReloadAssembly (1116ms)
			LoadAssemblies (211ms)
			RebuildTransferFunctionScriptingTraits (0ms)
			SetupTypeCache (376ms)
			ReleaseScriptCaches (0ms)
			RebuildScriptCaches (87ms)
			SetupLoadedEditorAssemblies (303ms)
				LogAssemblyErrors (0ms)
				InitializePlatformSupportModulesInManaged (8ms)
				SetLoadedEditorAssemblies (0ms)
				RefreshPlugins (71ms)
				BeforeProcessingInitializeOnLoad (17ms)
				ProcessInitializeOnLoadAttributes (158ms)
				ProcessInitializeOnLoadMethodAttributes (47ms)
				AfterProcessingInitializeOnLoad (0ms)
				EditorAssembliesLoaded (0ms)
			ExecutionOrderSort2 (0ms)
			AwakeInstancesAfterBackupRestoration (0ms)
Platform modules already initialized, skipping
Registering precompiled user dll's ...
Registered in 0.001739 seconds.
Begin MonoManager ReloadAssembly
Native extension for OSXStandalone target not found
Native extension for WebGL target not found
Refreshing native plugins compatible for Editor in 0.68 ms, found 3 plugins.
Preloading 0 native plugins for Editor in 0.00 ms.
Mono: successfully reloaded assembly
- Completed reload, in  2.085 seconds
Domain Reload Profiling:
	ReloadAssembly (2087ms)
		BeginReloadAssembly (350ms)
			ExecutionOrderSort (0ms)
			DisableScriptedObjects (13ms)
			BackupInstance (0ms)
			ReleaseScriptingObjects (0ms)
			CreateAndSetChildDomain (39ms)
		EndReloadAssembly (1632ms)
			LoadAssemblies (287ms)
			RebuildTransferFunctionScriptingTraits (0ms)
			SetupTypeCache (611ms)
			ReleaseScriptCaches (1ms)
			RebuildScriptCaches (90ms)
			SetupLoadedEditorAssemblies (550ms)
				LogAssemblyErrors (0ms)
				InitializePlatformSupportModulesInManaged (10ms)
				SetLoadedEditorAssemblies (1ms)
				RefreshPlugins (1ms)
				BeforeProcessingInitializeOnLoad (101ms)
				ProcessInitializeOnLoadAttributes (404ms)
				ProcessInitializeOnLoadMethodAttributes (31ms)
				AfterProcessingInitializeOnLoad (2ms)
				EditorAssembliesLoaded (0ms)
			ExecutionOrderSort2 (0ms)
			AwakeInstancesAfterBackupRestoration (11ms)
Platform modules already initialized, skipping
Validating Project structure ... 0.008220 seconds.
Shader import version has changed; will reimport all shaders...
Upgrading shader files ...0.054026 seconds.
Application.AssetDatabase Initial Script Refresh Start
RefreshInfo: InitialScriptRefreshV2(NoUpdateAssetOptions) scanfilter:  ... 1 filters
RefreshProfiler: Total: 0.000ms
Application.AssetDatabase Initial Script Refresh End
Application.AssetDatabase.Refresh Start
Application.AssetDatabase.Refresh End
RefreshInfo: StopAssetImportingV2(ForceSynchronousImport) scanfilter: 
RefreshProfiler: Total: 0.000ms
Launching external process: /Applications/Unity/Unity.app/Contents/Tools/UnityShaderCompiler
Launched and connected shader compiler UnityShaderCompiler after 0.03 seconds
Initializing Unity extensions:
[C# Project] Writing /Users/andydiego13/Bam-Banimals-Adventure/Bam Banimals Adventure/Bam Banimals Adventure.sln because it has changed
[C# Project] First difference on line 4

[C# Project] Current /Users/andydiego13/Bam-Banimals-Adventure/Bam Banimals Adventure/Bam Banimals Adventure.sln:
[C# Project]   004: Project("{FAE04EC0-301F-11D3-BF4B-00C04F79EFBC}") = "UniRx", "UniRx.csproj", "{E5BC4AFC-33A5-598C-91B6-41B72978B811}"
[C# Project]   005: EndProject
[C# Project]   006: Project("{FAE04EC0-301F-11D3-BF4B-00C04F79EFBC}") = "Assembly-CSharp", "Assembly-CSharp.csproj", "{9C987E4A-95C2-6A02-A755-0A1DD70ED2F9}"
[C# Project]   007: EndProject
[C# Project]   008: Project("{FAE04EC0-301F-11D3-BF4B-00C04F79EFBC}") = "UniRx.Examples", "UniRx.Examples.csproj", "{5B16D2E0-3A96-BE8E-3FFE-D36AC6DADB61}"

[C# Project] New /Users/andydiego13/Bam-Banimals-Adventure/Bam Banimals Adventure/Bam Banimals Adventure.sln:
[C# Project]   004: Project("{FAE04EC0-301F-11D3-BF4B-00C04F79EFBC}") = "UnityEngine.UI", "UnityEngine.UI.csproj", "{B00F40FD-5AF0-B9D4-F90F-56E8D6A3DBEF}"
[C# Project]   005: EndProject
[C# Project]   006: Project("{FAE04EC0-301F-11D3-BF4B-00C04F79EFBC}") = "UnityEngine.TestRunner", "UnityEngine.TestRunner.csproj", "{09055596-24BD-C85A-0E40-8F14C89FA889}"
[C# Project]   007: EndProject
[C# Project]   008: Project("{FAE04EC0-301F-11D3-BF4B-00C04F79EFBC}") = "Unity.Mathematics", "Unity.Mathematics.csproj", "{FD3CC99E-10DB-B65F-D473-663A6A2E9C4D}"
[C# Project] Writing /Users/andydiego13/Bam-Banimals-Adventure/Bam Banimals Adventure/UniRx.csproj because it has changed
[C# Project] First difference on line 509

[C# Project] Current /Users/andydiego13/Bam-Banimals-Adventure/Bam Banimals Adventure/UniRx.csproj:
[C# Project]   509:  <Reference Include="UnityEditor.iOS.Extensions">
[C# Project]   510:  <HintPath>/Applications/Unity/PlaybackEngines/iOSSupport/UnityEditor.iOS.Extensions.dll</HintPath>
[C# Project]   511:  </Reference>
[C# Project]   512:  <Reference Include="Unity.Plastic.Newtonsoft.Json">
[C# Project]   513:  <HintPath>/Users/andydiego13/Bam-Banimals-Adventure/Bam Banimals Adventure/Library/PackageCache/com.unity.collab-proxy@1.15.12/Lib/Editor/PlasticSCM/Unity.Plastic.Newtonsoft.Json.dll</HintPath>

[C# Project] New /Users/andydiego13/Bam-Banimals-Adventure/Bam Banimals Adventure/UniRx.csproj:
[C# Project]   509:  <Reference Include="Unity.Plastic.Newtonsoft.Json">
[C# Project]   510:  <HintPath>/Users/andydiego13/Bam-Banimals-Adventure/Bam Banimals Adventure/Library/PackageCache/com.unity.collab-proxy@1.15.12/Lib/Editor/PlasticSCM/Unity.Plastic.Newtonsoft.Json.dll</HintPath>
[C# Project]   511:  </Reference>
[C# Project]   512:  <Reference Include="Unity.Plastic.Antlr3.Runtime">
[C# Project]   513:  <HintPath>/Users/andydiego13/Bam-Banimals-Adventure/Bam Banimals Adventure/Library/PackageCache/com.unity.collab-proxy@1.15.12/Lib/Editor/PlasticSCM/Unity.Plastic.Antlr3.Runtime.dll</HintPath>
[C# Project] Writing /Users/andydiego13/Bam-Banimals-Adventure/Bam Banimals Adventure/Assembly-CSharp.csproj because it has changed
[C# Project] First difference on line 313

[C# Project] Current /Users/andydiego13/Bam-Banimals-Adventure/Bam Banimals Adventure/Assembly-CSharp.csproj:
[C# Project]   313:  <Reference Include="UnityEditor.iOS.Extensions.Xcode">
[C# Project]   314:  <HintPath>/Applications/Unity/PlaybackEngines/iOSSupport/UnityEditor.iOS.Extensions.Xcode.dll</HintPath>
[C# Project]   315:  </Reference>
[C# Project]   316:  <Reference Include="UnityEditor.iOS.Extensions.Common">
[C# Project]   317:  <HintPath>/Applications/Unity/PlaybackEngines/iOSSupport/UnityEditor.iOS.Extensions.Common.dll</HintPath>

[C# Project] New /Users/andydiego13/Bam-Banimals-Adventure/Bam Banimals Adventure/Assembly-CSharp.csproj:
[C# Project]   313:  <Reference Include="netstandard">
[C# Project]   314:  <HintPath>/Applications/Unity/Unity.app/Contents/NetStandard/ref/2.0.0/netstandard.dll</HintPath>
[C# Project]   315:  </Reference>
[C# Project]   316:  <Reference Include="Microsoft.Win32.Primitives">
[C# Project]   317:  <HintPath>/Applications/Unity/Unity.app/Contents/NetStandard/compat/2.0.0/shims/netstandard/Microsoft.Win32.Primitives.dll</HintPath>
[C# Project] Writing /Users/andydiego13/Bam-Banimals-Adventure/Bam Banimals Adventure/UniRx.Examples.csproj because it has changed
[C# Project] First difference on line 289

[C# Project] Current /Users/andydiego13/Bam-Banimals-Adventure/Bam Banimals Adventure/UniRx.Examples.csproj:
[C# Project]   289:  <Reference Include="UnityEditor.iOS.Extensions.Xcode">
[C# Project]   290:  <HintPath>/Applications/Unity/PlaybackEngines/iOSSupport/UnityEditor.iOS.Extensions.Xcode.dll</HintPath>
[C# Project]   291:  </Reference>
[C# Project]   292:  <Reference Include="UnityEditor.iOS.Extensions.Common">
[C# Project]   293:  <HintPath>/Applications/Unity/PlaybackEngines/iOSSupport/UnityEditor.iOS.Extensions.Common.dll</HintPath>

[C# Project] New /Users/andydiego13/Bam-Banimals-Adventure/Bam Banimals Adventure/UniRx.Examples.csproj:
[C# Project]   289:  <Reference Include="netstandard">
[C# Project]   290:  <HintPath>/Applications/Unity/Unity.app/Contents/NetStandard/ref/2.0.0/netstandard.dll</HintPath>
[C# Project]   291:  </Reference>
[C# Project]   292:  <Reference Include="Microsoft.Win32.Primitives">
[C# Project]   293:  <HintPath>/Applications/Unity/Unity.app/Contents/NetStandard/compat/2.0.0/shims/netstandard/Microsoft.Win32.Primitives.dll</HintPath>
2022-05-04 11:40:39.572 Unity[2673:116684] NSEventModifierFlagFunction specified to -setKeyEquivalentModifierMask: for item <NSMenuItem: 0x6000037d0b60 Font Asset, ke='Command-F12'>, but is only supported for system-provided menu items; will not be used
2022-05-04 11:40:39.583 Unity[2673:116684] NSEventModifierFlagFunction specified to -setKeyEquivalentModifierMask: for item <NSMenuItem: 0x6000037a47e0 Font Asset, ke='Command-F12'>, but is only supported for system-provided menu items; will not be used
========================================================================
Worker process is ready to serve import requests
Refreshing native plugins compatible for Editor in 0.71 ms, found 3 plugins.
Preloading 0 native plugins for Editor in 0.00 ms.
Unloading 2271 Unused Serialized files (Serialized files now loaded: 0)
System memory in use before: 218.3 MB.
System memory in use after: 217.6 MB.

Unloading 154 unused Assets to reduce memory usage. Loaded Objects now: 2744.
Total: 6.924162 ms (FindLiveObjects: 0.299605 ms CreateObjectMapping: 0.147041 ms MarkObjects: 5.781740 ms  DeleteObjects: 0.694243 ms)

AssetImportParameters requested are different than current active one (requested -> active):
  custom:video-decoder-ogg-theora: a1e56fd34408186e4bbccfd4996cb3dc -> 
  custom:container-muxer-webm: aa71ff27fc2769a1b78a27578f13a17b -> 
  custom:container-demuxer-webm: 4f35f7cbe854078d1ac9338744f61a02 -> 
  custom:container-demuxer-ogg: 62fdf1f143b41e24485cea50d1cbac27 -> 
  custom:video-encoder-webm-vp8: eb34c28f22e8b96e1ab97ce403110664 -> 
  custom:framework-osx-AVFoundation: e770b220cccbd017edd2c1fefb359320 -> 
  custom:video-decoder-webm-vp8: 9c59270c3fd7afecdb556c50c9e8de78 -> 
  custom:audio-decoder-ogg-vorbis: bf7c407c2cedff20999df2af8eb42d56 -> 
  custom:audio-encoder-webm-vorbis: bf7c407c2cedff20999df2af8eb42d56 -> 
========================================================================
Received Import Request.
  path: Assets/Scenes/Copia de SampleScene.unity
  artifactKey: Guid(04dd99a91274943cc8fba8e1c8865db0) Importer(815301076,1909f56bfc062723c751e8b465ee728b)
Start importing Assets/Scenes/Copia de SampleScene.unity using Guid(04dd99a91274943cc8fba8e1c8865db0) Importer(815301076,1909f56bfc062723c751e8b465ee728b)  -> (artifact id: '376c214f37f1b722fd538f8bb8bdb77a') in 0.028088 seconds 
========================================================================
Received Import Request.
  Time since last request: 30.394355 seconds.
  path: Assets/Scenes/Demo.unity
  artifactKey: Guid(2dd6cb282bc134730897a6659d4e3fe2) Importer(815301076,1909f56bfc062723c751e8b465ee728b)
Start importing Assets/Scenes/Demo.unity using Guid(2dd6cb282bc134730897a6659d4e3fe2) Importer(815301076,1909f56bfc062723c751e8b465ee728b)  -> (artifact id: '7ce76883e5b5f712871a66aa88888ae3') in 0.008196 seconds 
========================================================================
Received Import Request.
  Time since last request: 34.358400 seconds.
  path: Assets/Scenes/Game Level 1 + Demo.unity
  artifactKey: Guid(5d7a0fc1c5863426e81351b61f4f317b) Importer(815301076,1909f56bfc062723c751e8b465ee728b)
Start importing Assets/Scenes/Game Level 1 + Demo.unity using Guid(5d7a0fc1c5863426e81351b61f4f317b) Importer(815301076,1909f56bfc062723c751e8b465ee728b)  -> (artifact id: '003e3da38f6d7d8d78cb00227d93a108') in 0.005147 seconds 
========================================================================
Received Import Request.
  Time since last request: 6.149775 seconds.
  path: Assets/Scenes/Game Level 1.unity
  artifactKey: Guid(3a5348bacacc642539048974b046d8a7) Importer(815301076,1909f56bfc062723c751e8b465ee728b)
Start importing Assets/Scenes/Game Level 1.unity using Guid(3a5348bacacc642539048974b046d8a7) Importer(815301076,1909f56bfc062723c751e8b465ee728b)  -> (artifact id: '3ed7684183e4158ab5816ddf8b1dcbb1') in 0.003620 seconds 
========================================================================
Received Import Request.
  Time since last request: 16.802761 seconds.
  path: Assets/Scenes/Game Level 2.unity
  artifactKey: Guid(dc27c97f8e321475a8a81fd31483fe5f) Importer(815301076,1909f56bfc062723c751e8b465ee728b)
Start importing Assets/Scenes/Game Level 2.unity using Guid(dc27c97f8e321475a8a81fd31483fe5f) Importer(815301076,1909f56bfc062723c751e8b465ee728b)  -> (artifact id: '5a419f8d21dd16da85a362bbae57cdc0') in 0.003257 seconds 
========================================================================
Received Import Request.
  Time since last request: 1.331326 seconds.
  path: Assets/Scenes/Game Level 3.unity
  artifactKey: Guid(2dee77484e8404e0e92be92de568c34e) Importer(815301076,1909f56bfc062723c751e8b465ee728b)
Start importing Assets/Scenes/Game Level 3.unity using Guid(2dee77484e8404e0e92be92de568c34e) Importer(815301076,1909f56bfc062723c751e8b465ee728b)  -> (artifact id: 'c8377b2822e5e934bea5bd3f7f4e83db') in 0.004533 seconds 
========================================================================
Received Import Request.
  Time since last request: 0.698788 seconds.
  path: Assets/Scenes/Game Level 4.unity
  artifactKey: Guid(dd140fec79062429087fefcf310bf8fd) Importer(815301076,1909f56bfc062723c751e8b465ee728b)
Start importing Assets/Scenes/Game Level 4.unity using Guid(dd140fec79062429087fefcf310bf8fd) Importer(815301076,1909f56bfc062723c751e8b465ee728b)  -> (artifact id: '9c91c2c52da488ac2f66ad4a1f089dc8') in 0.004415 seconds 
========================================================================
Received Import Request.
  Time since last request: 0.744144 seconds.
  path: Assets/Scenes/Game Level 5.unity
  artifactKey: Guid(021e785b44dd343fb923b49513dbc326) Importer(815301076,1909f56bfc062723c751e8b465ee728b)
Start importing Assets/Scenes/Game Level 5.unity using Guid(021e785b44dd343fb923b49513dbc326) Importer(815301076,1909f56bfc062723c751e8b465ee728b)  -> (artifact id: 'fcc1ea5078b3bf6fd4b5a1a1821da31b') in 0.005562 seconds 
========================================================================
Received Import Request.
  Time since last request: 0.733179 seconds.
  path: Assets/Scenes/Game Level 6.unity
  artifactKey: Guid(c4bcedb0cfca844a28cfa9c6b13b8ebb) Importer(815301076,1909f56bfc062723c751e8b465ee728b)
Start importing Assets/Scenes/Game Level 6.unity using Guid(c4bcedb0cfca844a28cfa9c6b13b8ebb) Importer(815301076,1909f56bfc062723c751e8b465ee728b)  -> (artifact id: '2ab5248615f1344cf6415b43413a9488') in 0.006170 seconds 
========================================================================
Received Import Request.
  Time since last request: 0.651988 seconds.
  path: Assets/Scenes/SampleScene.unity
  artifactKey: Guid(2cda990e2423bbf4892e6590ba056729) Importer(815301076,1909f56bfc062723c751e8b465ee728b)
Start importing Assets/Scenes/SampleScene.unity using Guid(2cda990e2423bbf4892e6590ba056729) Importer(815301076,1909f56bfc062723c751e8b465ee728b)  -> (artifact id: '02ee284f2ac6935034db20ec7ee5adba') in 0.006481 seconds 
========================================================================
Received Prepare
Registering precompiled user dll's ...
Registered in 0.001710 seconds.
Begin MonoManager ReloadAssembly
Native extension for OSXStandalone target not found
Native extension for WebGL target not found
Refreshing native plugins compatible for Editor in 0.58 ms, found 3 plugins.
Preloading 0 native plugins for Editor in 0.00 ms.
2022-05-04 11:42:22.996 Unity[2673:116684] NSEventModifierFlagFunction specified to -setKeyEquivalentModifierMask: for item <NSMenuItem: 0x6000037f61b0 Font Asset, ke='Command-F12'>, but is only supported for system-provided menu items; will not be used
Mono: successfully reloaded assembly
- Completed reload, in  1.926 seconds
Domain Reload Profiling:
	ReloadAssembly (1927ms)
		BeginReloadAssembly (282ms)
			ExecutionOrderSort (0ms)
			DisableScriptedObjects (8ms)
			BackupInstance (0ms)
			ReleaseScriptingObjects (0ms)
			CreateAndSetChildDomain (68ms)
		EndReloadAssembly (1548ms)
			LoadAssemblies (313ms)
			RebuildTransferFunctionScriptingTraits (0ms)
			SetupTypeCache (542ms)
			ReleaseScriptCaches (2ms)
			RebuildScriptCaches (89ms)
			SetupLoadedEditorAssemblies (525ms)
				LogAssemblyErrors (0ms)
				InitializePlatformSupportModulesInManaged (8ms)
				SetLoadedEditorAssemblies (1ms)
				RefreshPlugins (1ms)
				BeforeProcessingInitializeOnLoad (148ms)
				ProcessInitializeOnLoadAttributes (349ms)
				ProcessInitializeOnLoadMethodAttributes (17ms)
				AfterProcessingInitializeOnLoad (2ms)
				EditorAssembliesLoaded (0ms)
			ExecutionOrderSort2 (0ms)
			AwakeInstancesAfterBackupRestoration (13ms)
Platform modules already initialized, skipping
Refreshing native plugins compatible for Editor in 1.09 ms, found 3 plugins.
Preloading 0 native plugins for Editor in 0.00 ms.
Unloading 2247 Unused Serialized files (Serialized files now loaded: 0)
System memory in use before: 215.4 MB.
System memory in use after: 215.6 MB.

Unloading 15 unused Assets to reduce memory usage. Loaded Objects now: 2747.
Total: 4.260167 ms (FindLiveObjects: 0.242670 ms CreateObjectMapping: 0.106503 ms MarkObjects: 3.878440 ms  DeleteObjects: 0.031213 ms)

AssetImportParameters requested are different than current active one (requested -> active):
  custom:video-decoder-ogg-theora: a1e56fd34408186e4bbccfd4996cb3dc -> 
  custom:container-muxer-webm: aa71ff27fc2769a1b78a27578f13a17b -> 
  custom:container-demuxer-webm: 4f35f7cbe854078d1ac9338744f61a02 -> 
  custom:container-demuxer-ogg: 62fdf1f143b41e24485cea50d1cbac27 -> 
  custom:video-encoder-webm-vp8: eb34c28f22e8b96e1ab97ce403110664 -> 
  custom:framework-osx-AVFoundation: e770b220cccbd017edd2c1fefb359320 -> 
  custom:video-decoder-webm-vp8: 9c59270c3fd7afecdb556c50c9e8de78 -> 
  custom:audio-decoder-ogg-vorbis: bf7c407c2cedff20999df2af8eb42d56 -> 
  custom:audio-encoder-webm-vorbis: bf7c407c2cedff20999df2af8eb42d56 -> 
========================================================================
Received Import Request.
  Time since last request: 18.623014 seconds.
  path: Assets/Scenes/SampleScene.unity
  artifactKey: Guid(2cda990e2423bbf4892e6590ba056729) Importer(815301076,1909f56bfc062723c751e8b465ee728b)
Start importing Assets/Scenes/SampleScene.unity using Guid(2cda990e2423bbf4892e6590ba056729) Importer(815301076,1909f56bfc062723c751e8b465ee728b)  -> (artifact id: '0262961a2f91b1b8365a886dfe5dee88') in 0.039213 seconds 
========================================================================
Received Prepare
Registering precompiled user dll's ...
Registered in 0.008375 seconds.
Begin MonoManager ReloadAssembly
Native extension for OSXStandalone target not found
Native extension for WebGL target not found
Refreshing native plugins compatible for Editor in 0.53 ms, found 3 plugins.
Preloading 0 native plugins for Editor in 0.00 ms.
2022-05-04 11:49:30.419 Unity[2673:116684] NSEventModifierFlagFunction specified to -setKeyEquivalentModifierMask: for item <NSMenuItem: 0x6000037fb8e0 Font Asset, ke='Command-F12'>, but is only supported for system-provided menu items; will not be used
Mono: successfully reloaded assembly
- Completed reload, in  1.864 seconds
Domain Reload Profiling:
	ReloadAssembly (1864ms)
		BeginReloadAssembly (264ms)
			ExecutionOrderSort (0ms)
			DisableScriptedObjects (7ms)
			BackupInstance (0ms)
			ReleaseScriptingObjects (0ms)
			CreateAndSetChildDomain (73ms)
		EndReloadAssembly (1505ms)
			LoadAssemblies (265ms)
			RebuildTransferFunctionScriptingTraits (0ms)
			SetupTypeCache (523ms)
			ReleaseScriptCaches (1ms)
			RebuildScriptCaches (80ms)
			SetupLoadedEditorAssemblies (546ms)
				LogAssemblyErrors (0ms)
				InitializePlatformSupportModulesInManaged (8ms)
				SetLoadedEditorAssemblies (1ms)
				RefreshPlugins (1ms)
				BeforeProcessingInitializeOnLoad (172ms)
				ProcessInitializeOnLoadAttributes (344ms)
				ProcessInitializeOnLoadMethodAttributes (18ms)
				AfterProcessingInitializeOnLoad (2ms)
				EditorAssembliesLoaded (0ms)
			ExecutionOrderSort2 (0ms)
			AwakeInstancesAfterBackupRestoration (19ms)
Platform modules already initialized, skipping
Refreshing native plugins compatible for Editor in 1.17 ms, found 3 plugins.
Preloading 0 native plugins for Editor in 0.00 ms.
Unloading 2247 Unused Serialized files (Serialized files now loaded: 0)
System memory in use before: 215.6 MB.
System memory in use after: 215.8 MB.

Unloading 14 unused Assets to reduce memory usage. Loaded Objects now: 2749.
Total: 4.279964 ms (FindLiveObjects: 0.273565 ms CreateObjectMapping: 0.236281 ms MarkObjects: 3.741269 ms  DeleteObjects: 0.027657 ms)

AssetImportParameters requested are different than current active one (requested -> active):
  custom:video-decoder-ogg-theora: a1e56fd34408186e4bbccfd4996cb3dc -> 
  custom:container-muxer-webm: aa71ff27fc2769a1b78a27578f13a17b -> 
  custom:container-demuxer-webm: 4f35f7cbe854078d1ac9338744f61a02 -> 
  custom:container-demuxer-ogg: 62fdf1f143b41e24485cea50d1cbac27 -> 
  custom:video-encoder-webm-vp8: eb34c28f22e8b96e1ab97ce403110664 -> 
  custom:framework-osx-AVFoundation: e770b220cccbd017edd2c1fefb359320 -> 
  custom:video-decoder-webm-vp8: 9c59270c3fd7afecdb556c50c9e8de78 -> 
  custom:audio-decoder-ogg-vorbis: bf7c407c2cedff20999df2af8eb42d56 -> 
  custom:audio-encoder-webm-vorbis: bf7c407c2cedff20999df2af8eb42d56 -> 
========================================================================
Received Import Request.
  Time since last request: 423.517574 seconds.
  path: Assets/Scripts/interface/loadLvl.cs
  artifactKey: Guid(2e4ab34b70a4843f49f402b1b35da3e7) Importer(815301076,1909f56bfc062723c751e8b465ee728b)
Start importing Assets/Scripts/interface/loadLvl.cs using Guid(2e4ab34b70a4843f49f402b1b35da3e7) Importer(815301076,1909f56bfc062723c751e8b465ee728b)  -> (artifact id: 'ac916faa746f8139f7f164cdf6f9a4e3') in 0.739090 seconds 
========================================================================
Received Import Request.
  Time since last request: 25.324891 seconds.
  path: Assets/Prefabs/burbuja.prefab
  artifactKey: Guid(3e9dba63576584a9c96c016fc38f5dd2) Importer(815301076,1909f56bfc062723c751e8b465ee728b)
Start importing Assets/Prefabs/burbuja.prefab using Guid(3e9dba63576584a9c96c016fc38f5dd2) Importer(815301076,1909f56bfc062723c751e8b465ee728b)  -> (artifact id: '8bcdae29f499294fabff4f57d3550e6c') in 1.494679 seconds 
========================================================================
Received Import Request.
  Time since last request: 490.710516 seconds.
  path: Assets/Scenes/InterfacesGame.unity
  artifactKey: Guid(04dd99a91274943cc8fba8e1c8865db0) Importer(815301076,1909f56bfc062723c751e8b465ee728b)
Start importing Assets/Scenes/InterfacesGame.unity using Guid(04dd99a91274943cc8fba8e1c8865db0) Importer(815301076,1909f56bfc062723c751e8b465ee728b)  -> (artifact id: '31137a21bb54413f23182818626f8f3b') in 0.014205 seconds 
========================================================================
Received Prepare
Registering precompiled user dll's ...
Registered in 0.003383 seconds.
Begin MonoManager ReloadAssembly
Native extension for OSXStandalone target not found
Native extension for WebGL target not found
Refreshing native plugins compatible for Editor in 0.60 ms, found 3 plugins.
Preloading 0 native plugins for Editor in 0.00 ms.
2022-05-04 12:02:08.868 Unity[2673:116684] NSEventModifierFlagFunction specified to -setKeyEquivalentModifierMask: for item <NSMenuItem: 0x6000037d1a40 Font Asset, ke='Command-F12'>, but is only supported for system-provided menu items; will not be used
Mono: successfully reloaded assembly
- Completed reload, in  1.969 seconds
Domain Reload Profiling:
	ReloadAssembly (1970ms)
		BeginReloadAssembly (281ms)
			ExecutionOrderSort (0ms)
			DisableScriptedObjects (8ms)
			BackupInstance (0ms)
			ReleaseScriptingObjects (0ms)
			CreateAndSetChildDomain (134ms)
		EndReloadAssembly (1586ms)
			LoadAssemblies (166ms)
			RebuildTransferFunctionScriptingTraits (0ms)
			SetupTypeCache (595ms)
			ReleaseScriptCaches (2ms)
			RebuildScriptCaches (84ms)
			SetupLoadedEditorAssemblies (546ms)
				LogAssemblyErrors (0ms)
				InitializePlatformSupportModulesInManaged (8ms)
				SetLoadedEditorAssemblies (1ms)
				RefreshPlugins (1ms)
				BeforeProcessingInitializeOnLoad (173ms)
				ProcessInitializeOnLoadAttributes (346ms)
				ProcessInitializeOnLoadMethodAttributes (14ms)
				AfterProcessingInitializeOnLoad (3ms)
				EditorAssembliesLoaded (0ms)
			ExecutionOrderSort2 (0ms)
			AwakeInstancesAfterBackupRestoration (19ms)
Platform modules already initialized, skipping
Refreshing native plugins compatible for Editor in 0.93 ms, found 3 plugins.
Preloading 0 native plugins for Editor in 0.00 ms.
Unloading 2247 Unused Serialized files (Serialized files now loaded: 0)
System memory in use before: 225.0 MB.
System memory in use after: 225.2 MB.

Unloading 14 unused Assets to reduce memory usage. Loaded Objects now: 2757.
Total: 4.830169 ms (FindLiveObjects: 0.219525 ms CreateObjectMapping: 0.098928 ms MarkObjects: 4.461521 ms  DeleteObjects: 0.048712 ms)

AssetImportParameters requested are different than current active one (requested -> active):
  custom:video-decoder-ogg-theora: a1e56fd34408186e4bbccfd4996cb3dc -> 
  custom:container-muxer-webm: aa71ff27fc2769a1b78a27578f13a17b -> 
  custom:container-demuxer-webm: 4f35f7cbe854078d1ac9338744f61a02 -> 
  custom:container-demuxer-ogg: 62fdf1f143b41e24485cea50d1cbac27 -> 
  custom:video-encoder-webm-vp8: eb34c28f22e8b96e1ab97ce403110664 -> 
  custom:framework-osx-AVFoundation: e770b220cccbd017edd2c1fefb359320 -> 
  custom:video-decoder-webm-vp8: 9c59270c3fd7afecdb556c50c9e8de78 -> 
  custom:audio-decoder-ogg-vorbis: bf7c407c2cedff20999df2af8eb42d56 -> 
  custom:audio-encoder-webm-vorbis: bf7c407c2cedff20999df2af8eb42d56 -> 
